quran/build/outputs/mapping/madani/beta/seeds.txt
com.quran.labs.androidquran.AboutUsActivity
com.quran.labs.androidquran.AboutUsActivity: AboutUsActivity()
com.quran.labs.androidquran.HelpActivity
com.quran.labs.androidquran.HelpActivity: HelpActivity()
com.quran.labs.androidquran.QuranAdvancedPreferenceActivity
com.quran.labs.androidquran.QuranAdvancedPreferenceActivity: QuranAdvancedPreferenceActivity()
com.quran.labs.androidquran.QuranApplication
com.quran.labs.androidquran.QuranApplication: QuranApplication()
com.quran.labs.androidquran.QuranDataActivity
com.quran.labs.androidquran.QuranDataActivity: QuranDataActivity()
com.quran.labs.androidquran.QuranForwarderActivity
com.quran.labs.androidquran.QuranForwarderActivity: QuranForwarderActivity()
com.quran.labs.androidquran.QuranImportActivity
com.quran.labs.androidquran.QuranImportActivity: QuranImportActivity()
com.quran.labs.androidquran.QuranPreferenceActivity
com.quran.labs.androidquran.QuranPreferenceActivity: QuranPreferenceActivity()
com.quran.labs.androidquran.R$anim: int abc_fade_in
com.quran.labs.androidquran.R$anim: int abc_fade_out
com.quran.labs.androidquran.R$anim: int abc_grow_fade_in_from_bottom
com.quran.labs.androidquran.R$anim: int abc_popup_enter
com.quran.labs.androidquran.R$anim: int abc_popup_exit
com.quran.labs.androidquran.R$anim: int abc_shrink_fade_out_from_bottom
com.quran.labs.androidquran.R$anim: int abc_slide_in_bottom
com.quran.labs.androidquran.R$anim: int abc_slide_in_top
com.quran.labs.androidquran.R$anim: int abc_slide_out_bottom
com.quran.labs.androidquran.R$anim: int abc_slide_out_top
com.quran.labs.androidquran.R$anim: int abc_tooltip_enter
com.quran.labs.androidquran.R$anim: int abc_tooltip_exit
com.quran.labs.androidquran.R$anim: int design_bottom_sheet_slide_in
com.quran.labs.androidquran.R$anim: int design_bottom_sheet_slide_out
com.quran.labs.androidquran.R$anim: int design_snackbar_in
com.quran.labs.androidquran.R$anim: int design_snackbar_out
com.quran.labs.androidquran.R$animator: int design_appbar_state_list_animator
com.quran.labs.androidquran.R$array: int download_amount_preference
com.quran.labs.androidquran.R$array: int download_amount_preference_values
com.quran.labs.androidquran.R$array: int quarter_prefix_array
com.quran.labs.androidquran.R$array: int quran_readers_db_name
com.quran.labs.androidquran.R$array: int quran_readers_have_gapless_equivalents
com.quran.labs.androidquran.R$array: int quran_readers_name
com.quran.labs.androidquran.R$array: int quran_readers_path
com.quran.labs.androidquran.R$array: int quran_readers_urls
com.quran.labs.androidquran.R$array: int repeatValues
com.quran.labs.androidquran.R$array: int sura_names
com.quran.labs.androidquran.R$array: int sura_names_translation
...
android.arch.lifecycle.AndroidViewModel
android.arch.lifecycle.CompositeGeneratedAdaptersObserver
android.arch.lifecycle.FullLifecycleObserver
android.arch.lifecycle.FullLifecycleObserverAdapter
android.arch.lifecycle.GenericLifecycleObserver
android.arch.lifecycle.Lifecycle$Event: android.arch.lifecycle.Lifecycle$Event ON_CREATE
android.arch.lifecycle.Lifecycle$Event: android.arch.lifecycle.Lifecycle$Event ON_START
android.arch.lifecycle.Lifecycle$Event: android.arch.lifecycle.Lifecycle$Event ON_RESUME
android.arch.lifecycle.Lifecycle$Event: android.arch.lifecycle.Lifecycle$Event ON_PAUSE
android.arch.lifecycle.Lifecycle$Event: android.arch.lifecycle.Lifecycle$Event ON_STOP
android.arch.lifecycle.Lifecycle$Event: android.arch.lifecycle.Lifecycle$Event ON_DESTROY
android.arch.lifecycle.Lifecycle$Event: android.arch.lifecycle.Lifecycle$Event ON_ANY
android.arch.lifecycle.Lifecycle$Event: android.arch.lifecycle.Lifecycle$Event[] $VALUES
android.arch.lifecycle.Lifecycle$Event: android.arch.lifecycle.Lifecycle$Event[] values()
android.arch.lifecycle.Lifecycle$Event: android.arch.lifecycle.Lifecycle$Event valueOf(java.lang.String)
android.arch.lifecycle.Lifecycle$State: android.arch.lifecycle.Lifecycle$State[] values()
android.arch.lifecycle.Lifecycle$State: android.arch.lifecycle.Lifecycle$State valueOf(java.lang.String)
android.arch.lifecycle.LiveData$LifecycleBoundObserver
android.arch.lifecycle.ReflectiveGenericLifecycleObserver
android.arch.lifecycle.SingleGeneratedAdapterObserver
android.arch.lifecycle.ViewModel: ViewModel()
android.support.annotation.Keep
android.support.annotation.RestrictTo$Scope: android.support.annotation.RestrictTo$Scope[] values()
android.support.annotation.RestrictTo$Scope: android.support.annotation.RestrictTo$Scope valueOf(java.lang.String)
android.support.compat.R$attr: int font
android.support.compat.R$attr: int fontProviderAuthority
android.support.compat.R$attr: int fontProviderCerts
android.support.compat.R$attr: int fontProviderFetchStrategy
android.support.compat.R$attr: int fontProviderFetchTimeout
android.support.compat.R$attr: int fontProviderPackage
android.support.compat.R$attr: int fontProviderQuery
android.support.compat.R$attr: int fontStyle
android.support.compat.R$attr: int fontWeight
android.support.compat.R$bool: int abc_action_bar_embed_tabs
android.support.compat.R$color: int notification_action_color_filter
android.support.compat.R$color: int notification_icon_bg_color
android.support.compat.R$color: int ripple_material_light
android.support.compat.R$color: int secondary_text_default_material_light
android.support.compat.R$dimen: int compat_button_inset_horizontal_material
android.support.compat.R$dimen: int compat_button_inset_vertical_material
android.support.compat.R$dimen: int compat_button_padding_horizontal_material
android.support.compat.R$dimen: int compat_button_padding_vertical_material
android.support.compat.R$dimen: int compat_control_corner_material
android.support.compat.R$dimen: int notification_action_icon_size
android.support.compat.R$dimen: int notification_action_text_size
android.support.compat.R$dimen: int notification_big_circle_margin
android.support.compat.R$dimen: int notification_content_margin_start
android.support.compat.R$dimen: int notification_large_icon_height
android.support.compat.R$dimen: int notification_large_icon_width
android.support.compat.R$dimen: int notification_main_column_padding_top
android.support.compat.R$dimen: int notification_media_narrow_margin
android.support.compat.R$dimen: int notification_right_icon_size
android.support.compat.R$dimen: int notification_right_side_padding_top
android.support.compat.R$dimen: int notification_small_icon_background_padding
android.support.compat.R$dimen: int notification_small_icon_size_as_large
android.support.compat.R$dimen: int notification_subtext_size
android.support.compat.R$dimen: int notification_top_pad
android.support.compat.R$dimen: int notification_top_pad_large_text