quran/build/outputs/mapping/madani/beta/mapping.txt
com.quran.labs.androidquran.AboutUsActivity -> com.quran.labs.androidquran.AboutUsActivity:
    13:13:void <init>() -> <init>
    17:36:void onCreate(android.os.Bundle) -> onCreate
    1109:1109:android.support.v7.app.ActionBar android.support.v7.app.AppCompatActivity.getSupportActionBar():109:109 -> onCreate
    1109:1109:void onCreate(android.os.Bundle):24 -> onCreate
    40:44:boolean onOptionsItemSelected(android.view.MenuItem) -> onOptionsItemSelected
com.quran.labs.androidquran.HelpActivity -> com.quran.labs.androidquran.HelpActivity:
    10:10:void <init>() -> <init>
    13:22:void onCreate(android.os.Bundle) -> onCreate
    1109:1109:android.support.v7.app.ActionBar android.support.v7.app.AppCompatActivity.getSupportActionBar():109:109 -> onCreate
    1109:1109:void onCreate(android.os.Bundle):15 -> onCreate
    2109:2109:android.support.v7.app.ActionBar android.support.v7.app.AppCompatActivity.getSupportActionBar():109:109 -> onCreate
    2109:2109:void onCreate(android.os.Bundle):16 -> onCreate
    26:30:boolean onOptionsItemSelected(android.view.MenuItem) -> onOptionsItemSelected
com.quran.labs.androidquran.QuranAdvancedPreferenceActivity -> com.quran.labs.androidquran.QuranAdvancedPreferenceActivity:
    java.lang.String locationToWrite -> n
    21:21:void <init>() -> <init>
    30:55:void onCreate(android.os.Bundle) -> onCreate
    1109:1109:android.support.v7.app.ActionBar android.support.v7.app.AppCompatActivity.getSupportActionBar():109:109 -> onCreate
    1109:1109:void onCreate(android.os.Bundle):37 -> onCreate
    59:63:void onSaveInstanceState(android.os.Bundle) -> onSaveInstanceState
    67:71:boolean onOptionsItemSelected(android.view.MenuItem) -> onOptionsItemSelected
    91:103:void onRequestPermissionsResult(int,java.lang.String[],int[]) -> onRequestPermissionsResult
com.quran.labs.androidquran.QuranApplication -> com.quran.labs.androidquran.QuranApplication:
    com.quran.labs.androidquran.component.application.ApplicationComponent applicationComponent -> a
    24:24:void <init>() -> <init>
    30:38:void onCreate() -> onCreate
    1158:1159:com.crashlytics.android.core.CrashlyticsCore$Builder com.crashlytics.android.core.CrashlyticsCore$Builder.disabled(boolean):158:159 -> onCreate
    1158:1159:void onCreate():33 -> onCreate
    2118:2127:com.crashlytics.android.Crashlytics$Builder com.crashlytics.android.Crashlytics$Builder.core(com.crashlytics.android.core.CrashlyticsCore):118:127 -> onCreate
    2118:2127:void onCreate():32 -> onCreate
    2131:2152:com.crashlytics.android.Crashlytics com.crashlytics.android.Crashlytics$Builder.build():131:152 -> onCreate
    2131:2152:void onCreate():35 -> onCreate
    3041:3043:com.quran.labs.androidquran.component.application.ApplicationComponent initializeInjector():41:43 -> onCreate
    3041:3043:void onCreate():37 -> onCreate
    3218:3218:com.quran.labs.androidquran.component.application.DaggerApplicationComponent$Builder com.quran.labs.androidquran.component.application.DaggerApplicationComponent.builder():218:218 -> onCreate
    3218:3218:com.quran.labs.androidquran.component.application.ApplicationComponent initializeInjector():41 -> onCreate
    3218:3218:void onCreate():37 -> onCreate
...
android.support.v7.app.TwilightManager -> android.support.v7.jp:
    android.support.v7.app.TwilightManager sInstance -> a
    android.content.Context mContext -> b
    android.location.LocationManager mLocationManager -> c
    android.support.v7.app.TwilightManager$TwilightState mTwilightState -> d
    49:54:android.support.v7.app.TwilightManager getInstance(android.content.Context) -> a
    65:71:void <init>(android.content.Context,android.location.LocationManager) -> <init>
    79:101:boolean isNight() -> a
    106:126:android.location.Location getLastKnownLocation() -> b
    133:139:android.location.Location getLastKnownLocationForProvider(java.lang.String) -> a
    143:143:boolean isStateValid() -> c
    147:191:void updateState(android.location.Location) -> a
android.support.v7.app.TwilightManager$TwilightState -> android.support.v7.jp$a:
    boolean isNight -> a
    long yesterdaySunset -> b
    long todaySunrise -> c
    long todaySunset -> d
    long tomorrowSunrise -> e
    long nextUpdate -> f
    204:205:void <init>() -> <init>
android.support.v7.app.WindowDecorActionBar -> android.support.v7.jq:
    android.view.animation.Interpolator sHideInterpolator -> t
    android.view.animation.Interpolator sShowInterpolator -> u
    android.content.Context mContext -> a
    android.content.Context mThemedContext -> v
    android.app.Activity mActivity -> w
    android.app.Dialog mDialog -> x
    android.support.v7.widget.ActionBarOverlayLayout mOverlayLayout -> b
    android.support.v7.widget.ActionBarContainer mContainerView -> c
    android.support.v7.widget.DecorToolbar mDecorToolbar -> d
    android.support.v7.widget.ActionBarContextView mContextView -> e
    android.view.View mContentView -> f
    android.support.v7.widget.ScrollingTabContainerView mTabScrollView -> g
    java.util.ArrayList mTabs -> y
    int mSavedTabPosition -> z
    boolean mDisplayHomeAsUpSet -> A
    android.support.v7.app.WindowDecorActionBar$ActionModeImpl mActionMode -> h
    android.support.v7.view.ActionMode mDeferredDestroyActionMode -> i
    android.support.v7.view.ActionMode$Callback mDeferredModeDestroyCallback -> j
    boolean mLastMenuVisibility -> B
    java.util.ArrayList mMenuVisibilityListeners -> C
    boolean mHasEmbeddedTabs -> D
    int mCurWindowVisibility -> E
    boolean mContentAnimations -> k
    boolean mHiddenByApp -> l
    boolean mHiddenBySystem -> m
    boolean mShowingForMode -> F
    boolean mNowShowing -> G
    android.support.v7.view.ViewPropertyAnimatorCompatSet mCurrentShowAnim -> n
android.support.v7.app.WindowDecorActionBar$1 -> android.support.v7.jq$1:
    android.support.v7.app.WindowDecorActionBar this$0 -> a
    134:134:void <init>(android.support.v7.app.WindowDecorActionBar) -> <init>
    137:148:void onAnimationEnd(android.view.View) -> b
    1311:1316:void android.support.v7.app.WindowDecorActionBar.completeDeferredDestroyActionMode():311:316 -> b
    1311:1316:void onAnimationEnd(android.view.View):144 -> b
android.support.v7.app.WindowDecorActionBar$2 -> android.support.v7.jq$2:
    android.support.v7.app.WindowDecorActionBar this$0 -> a
    151:151:void <init>(android.support.v7.app.WindowDecorActionBar) -> <init>
    154:156:void onAnimationEnd(android.view.View) -> b
android.support.v7.app.WindowDecorActionBar$3 -> android.support.v7.jq$3:
    android.support.v7.app.WindowDecorActionBar this$0 -> a
    160:160:void <init>(android.support.v7.app.WindowDecorActionBar) -> <init>
    163:165:void onAnimationUpdate$3c7ec8c3() -> a