quran/build/outputs/mapping/madani/beta/usage.txt
com.quran.labs.androidquran.BuildConfig
com.quran.labs.androidquran.QuranAdvancedPreferenceActivity:
    private static final java.lang.String SI_LOCATION_TO_WRITE
    private static final int REQUEST_WRITE_TO_SDCARD_PERMISSION
com.quran.labs.androidquran.QuranApplication:
    private com.quran.labs.androidquran.component.activity.PagerActivityComponent pagerActivityComponent
    82:82:public com.quran.labs.androidquran.component.activity.PagerActivityComponent getPagerActivityComponent()
com.quran.labs.androidquran.QuranDataActivity:
    public static final java.lang.String PAGES_DOWNLOAD_KEY
    private static final int REQUEST_WRITE_TO_SDCARD_PERMISSIONS
com.quran.labs.androidquran.QuranDataActivity_MembersInjector:
    private final javax.inject.Provider quranInfoProvider
    private final javax.inject.Provider quranFileUtilsProvider
    private final javax.inject.Provider quranScreenInfoProvider
    private final javax.inject.Provider quranPageProvider
    24:29:public QuranDataActivity_MembersInjector(javax.inject.Provider,javax.inject.Provider,javax.inject.Provider,javax.inject.Provider)
    36:36:public static dagger.MembersInjector create(javax.inject.Provider,javax.inject.Provider,javax.inject.Provider,javax.inject.Provider)
    42:46:public void injectMembers(com.quran.labs.androidquran.QuranDataActivity)
    11:11:public bridge synthetic void injectMembers(java.lang.Object)
com.quran.labs.androidquran.QuranForwarderActivity_MembersInjector:
    private final javax.inject.Provider quranInfoProvider
    12:14:public QuranForwarderActivity_MembersInjector(javax.inject.Provider)
    18:18:public static dagger.MembersInjector create(javax.inject.Provider)
    23:24:public void injectMembers(com.quran.labs.androidquran.QuranForwarderActivity)
    8:8:public bridge synthetic void injectMembers(java.lang.Object)
com.quran.labs.androidquran.QuranImportActivity_MembersInjector:
    private final javax.inject.Provider mPresenterProvider
    12:14:public QuranImportActivity_MembersInjector(javax.inject.Provider)
    18:18:public static dagger.MembersInjector create(javax.inject.Provider)
    23:24:public void injectMembers(com.quran.labs.androidquran.QuranImportActivity)
    8:8:public bridge synthetic void injectMembers(java.lang.Object)
com.quran.labs.androidquran.R:
    10:10:public R()
com.quran.labs.androidquran.R$anim
com.quran.labs.androidquran.R$animator
com.quran.labs.androidquran.R$array
com.quran.labs.androidquran.R$attr
com.quran.labs.androidquran.R$bool
com.quran.labs.androidquran.R$color
com.quran.labs.androidquran.R$dimen
com.quran.labs.androidquran.R$drawable
com.quran.labs.androidquran.R$id
com.quran.labs.androidquran.R$integer
com.quran.labs.androidquran.R$layout
com.quran.labs.androidquran.R$menu
com.quran.labs.androidquran.R$plurals
com.quran.labs.androidquran.R$raw
com.quran.labs.androidquran.R$string
com.quran.labs.androidquran.R$style
com.quran.labs.androidquran.R$styleable:
    4511:4511:public R$styleable()
com.quran.labs.androidquran.R$xml
com.quran.labs.androidquran.SearchActivity:
    public static final java.lang.String SEARCH_INFO_DOWNLOAD_KEY
    private static final java.lang.String EXTRA_QUERY
com.quran.labs.androidquran.SearchActivity_MembersInjector:
    private final javax.inject.Provider quranInfoProvider
    private final javax.inject.Provider quranFileUtilsProvider
    15:18:public SearchActivity_MembersInjector(javax.inject.Provider,javax.inject.Provider)
    22:22:public static dagger.MembersInjector create(javax.inject.Provider,javax.inject.Provider)
    27:29:public void injectMembers(com.quran.labs.androidquran.SearchActivity)
    9:9:public bridge synthetic void injectMembers(java.lang.Object)
com.quran.labs.androidquran.ShortcutsActivity:
    public static final java.lang.String ACTION_JUMP_TO_LATEST
    private static final java.lang.String JUMP_TO_LATEST_SHORTCUT_NAME
...
kotlin.ranges.RangesKt:
    private RangesKt()
kotlin.ranges.RangesKt__RangesJVMKt:
    51:51:public static final kotlin.ranges.ClosedFloatingPointRange rangeTo(float,float)
    public RangesKt__RangesJVMKt()
kotlin.ranges.RangesKt__RangesKt:
    89:89:public static final kotlin.ranges.ClosedRange rangeTo(java.lang.Comparable,java.lang.Comparable)
    98:98:public static final kotlin.ranges.ClosedFloatingPointRange rangeTo(double,double)
    102:103:public static final void checkStepIsPositive(boolean,java.lang.Number)
    public RangesKt__RangesKt()
kotlin.ranges.RangesKt___RangesKt:
    25:25:public static final boolean intRangeContains(kotlin.ranges.ClosedRange,byte)
    33:33:public static final boolean longRangeContains(kotlin.ranges.ClosedRange,byte)
    41:41:public static final boolean shortRangeContains(kotlin.ranges.ClosedRange,byte)
    49:49:public static final boolean doubleRangeContains(kotlin.ranges.ClosedRange,byte)
    57:57:public static final boolean floatRangeContains(kotlin.ranges.ClosedRange,byte)
    65:65:public static final boolean intRangeContains(kotlin.ranges.ClosedRange,double)
    73:73:public static final boolean longRangeContains(kotlin.ranges.ClosedRange,double)
    81:81:public static final boolean byteRangeContains(kotlin.ranges.ClosedRange,double)
    89:89:public static final boolean shortRangeContains(kotlin.ranges.ClosedRange,double)
    97:97:public static final boolean floatRangeContains(kotlin.ranges.ClosedRange,double)
    105:105:public static final boolean intRangeContains(kotlin.ranges.ClosedRange,float)
    113:113:public static final boolean longRangeContains(kotlin.ranges.ClosedRange,float)
    121:121:public static final boolean byteRangeContains(kotlin.ranges.ClosedRange,float)
    129:129:public static final boolean shortRangeContains(kotlin.ranges.ClosedRange,float)
    137:137:public static final boolean doubleRangeContains(kotlin.ranges.ClosedRange,float)
    145:145:public static final boolean longRangeContains(kotlin.ranges.ClosedRange,int)
kotlin.reflect.KAnnotatedElement
kotlin.reflect.KCallable
kotlin.reflect.KCallable$DefaultImpls
kotlin.reflect.KClass:
    public abstract java.lang.String getSimpleName()
    public abstract java.lang.String getQualifiedName()
    public abstract java.util.Collection getMembers()
    public abstract java.util.Collection getConstructors()
    public abstract java.util.Collection getNestedClasses()
    public abstract java.lang.Object getObjectInstance()
    public abstract boolean isInstance(java.lang.Object)
    public abstract java.util.List getTypeParameters()
    public abstract java.util.List getSupertypes()
    public abstract kotlin.reflect.KVisibility getVisibility()
    public abstract boolean isFinal()
    public abstract boolean isOpen()
    public abstract boolean isAbstract()
    public abstract boolean isSealed()
    public abstract boolean isData()
    public abstract boolean isInner()
    public abstract boolean isCompanion()
    public abstract boolean equals(java.lang.Object)
    public abstract int hashCode()
kotlin.reflect.KClass$DefaultImpls
kotlin.reflect.KClassifier
kotlin.reflect.KDeclarationContainer
kotlin.reflect.KFunction
kotlin.reflect.KFunction$DefaultImpls
kotlin.reflect.KMutableProperty
kotlin.reflect.KMutableProperty$Setter
kotlin.reflect.KMutableProperty0
kotlin.reflect.KMutableProperty0$Setter
kotlin.reflect.KMutableProperty1
kotlin.reflect.KMutableProperty1$Setter
kotlin.reflect.KMutableProperty2
kotlin.reflect.KMutableProperty2$Setter
kotlin.reflect.KParameter
kotlin.reflect.KParameter$DefaultImpls
kotlin.reflect.KParameter$Kind
kotlin.reflect.KProperty
kotlin.reflect.KProperty$Accessor
kotlin.reflect.KProperty$DefaultImpls
kotlin.reflect.KProperty$Getter
kotlin.reflect.KProperty0
kotlin.reflect.KProperty0$Getter
kotlin.reflect.KProperty1
kotlin.reflect.KProperty1$Getter
kotlin.reflect.KProperty2
kotlin.reflect.KProperty2$Getter
kotlin.reflect.KType
kotlin.reflect.KType$DefaultImpls